<?xml version="1.0" encoding="UTF-8"?>
<!-- Generated by org.testng.reporters.JUnitReportReporter -->
<testsuite hostname="DESKTOP-TV9Q0GU" failures="0" tests="1" name="com.blazeDemo.testCases.TC_VerifyFlightBooking" time="3.790" errors="0" timestamp="19 Dec 2021 16:18:07 GMT" skipped="0">
  <testcase classname="com.blazeDemo.testCases.TC_VerifyFlightBooking" name="bookFlightTicket" time="3.790"/>
</testsuite> <!-- com.blazeDemo.testCases.TC_VerifyFlightBooking -->
